<?xml version="1.0" encoding="UTF-8"?>
<!-- Generated by org.testng.reporters.JUnitXMLReporter -->
<testsuite ignored="0" hostname="AL" failures="0" tests="4" name="Default test" time="1.476" errors="0" timestamp="2021-05-11T10:36:04 EEST">
  <testcase classname="getRequest.graphQlRequest" name="Get_Finance_Methods" time="0.506"/>
  <testcase classname="getRequest.graphQlRequest" name="Get_Products" time="0.017"/>
  <testcase classname="getRequest.graphQlRequest" name="TestResponseCode" time="0.075"/>
  <testcase classname="getRequest.graphQlRequest" name="TestResponseFields" time="0.376"/>
</testsuite> <!-- Default test -->
