<?xml version="1.0" encoding="UTF-8"?>
<testng-results ignored="0" total="4" passed="4" failed="0" skipped="0">
  <reporter-output>
  </reporter-output>
  <suite started-at="2021-05-11T10:36:03 EEST" name="Default suite" finished-at="2021-05-11T10:36:04 EEST" duration-ms="1476">
    <groups>
    </groups>
    <test started-at="2021-05-11T10:36:03 EEST" name="Default test" finished-at="2021-05-11T10:36:04 EEST" duration-ms="1476">
      <class name="getRequest.graphQlRequest">
        <test-method is-config="true" signature="createRequestSpecification()[pri:0, instance:getRequest.graphQlRequest@20d28811]" started-at="2021-05-11T10:36:03 EEST" name="createRequestSpecification" finished-at="2021-05-11T10:36:03 EEST" duration-ms="479" status="PASS">
          <reporter-output>
          </reporter-output>
        </test-method> <!-- createRequestSpecification -->
        <test-method signature="Get_Finance_Methods()[pri:0, instance:getRequest.graphQlRequest@20d28811]" started-at="2021-05-11T10:36:03 EEST" name="Get_Finance_Methods" finished-at="2021-05-11T10:36:04 EEST" duration-ms="506" status="PASS">
          <reporter-output>
          </reporter-output>
        </test-method> <!-- Get_Finance_Methods -->
        <test-method signature="Get_Products()[pri:0, instance:getRequest.graphQlRequest@20d28811]" started-at="2021-05-11T10:36:04 EEST" name="Get_Products" finished-at="2021-05-11T10:36:04 EEST" duration-ms="17" status="PASS">
          <reporter-output>
          </reporter-output>
        </test-method> <!-- Get_Products -->
        <test-method signature="TestResponseCode()[pri:0, instance:getRequest.graphQlRequest@20d28811]" started-at="2021-05-11T10:36:04 EEST" name="TestResponseCode" finished-at="2021-05-11T10:36:04 EEST" duration-ms="75" status="PASS">
          <reporter-output>
          </reporter-output>
        </test-method> <!-- TestResponseCode -->
        <test-method signature="TestResponseFields()[pri:0, instance:getRequest.graphQlRequest@20d28811]" started-at="2021-05-11T10:36:04 EEST" name="TestResponseFields" finished-at="2021-05-11T10:36:04 EEST" duration-ms="376" status="PASS">
          <reporter-output>
          </reporter-output>
        </test-method> <!-- TestResponseFields -->
      </class> <!-- getRequest.graphQlRequest -->
    </test> <!-- Default test -->
  </suite> <!-- Default suite -->
</testng-results>
